Using pre-set license
Built from '2020.2/release' branch; Version is '2020.2.1f1 (270dd8c3da1c) revision 2559448'; Using compiler version '192528614'; Build Type 'Release'
OS: 'Windows 10  (10.0.0) 64bit' Language: 'ru' Physical Memory: 24552 MB
BatchMode: 1, IsHumanControllingUs: 0, StartBugReporterOnCrash: 0, Is64bit: 1, IsPro: 0

 COMMAND LINE ARGUMENTS:
C:\Unity\Editor\2020.2.1f1\Editor\Unity.exe
-adb2
-batchMode
-noUpm
-name
AssetImportWorker0
-projectPath
C:/Projects/Unity_Project_2
-logFile
Logs/AssetImportWorker0.log
-srvPort
50696
Successfully changed project path to: C:/Projects/Unity_Project_2
C:/Projects/Unity_Project_2
Using Asset Import Pipeline V2.
Refreshing native plugins compatible for Editor in 64.90 ms, found 0 plugins.
Preloading 0 native plugins for Editor in 0.00 ms.
Initialize engine version: 2020.2.1f1 (270dd8c3da1c)
[Subsystems] Discovering subsystems at path C:/Unity/Editor/2020.2.1f1/Editor/Data/Resources/UnitySubsystems
[Subsystems] Discovering subsystems at path C:/Projects/Unity_Project_2/Assets
GfxDevice: creating device client; threaded=0
Direct3D:
    Version:  Direct3D 11.0 [level 11.1]
    Renderer: NVIDIA GeForce GTX 1060 3GB (ID=0x1c02)
    Vendor:   
    VRAM:     2988 MB
    Driver:   27.21.14.5671
Initialize mono
Mono path[0] = 'C:/Unity/Editor/2020.2.1f1/Editor/Data/Managed'
Mono path[1] = 'C:/Unity/Editor/2020.2.1f1/Editor/Data/MonoBleedingEdge/lib/mono/unityjit'
Mono config path = 'C:/Unity/Editor/2020.2.1f1/Editor/Data/MonoBleedingEdge/etc'
Using monoOptions --debugger-agent=transport=dt_socket,embedding=1,server=y,suspend=n,address=127.0.0.1:56364
Begin MonoManager ReloadAssembly
Registering precompiled unity dll's ...
Register platform support module: C:/Unity/Editor/2020.2.1f1/Editor/Data/PlaybackEngines/WebGLSupport/UnityEditor.WebGL.Extensions.dll
Register platform support module: C:/Unity/Editor/2020.2.1f1/Editor/Data/PlaybackEngines/MacStandaloneSupport/UnityEditor.OSXStandalone.Extensions.dll
Register platform support module: C:/Unity/Editor/2020.2.1f1/Editor/Data/PlaybackEngines/WindowsStandaloneSupport/UnityEditor.WindowsStandalone.Extensions.dll
Register platform support module: C:/Unity/Editor/2020.2.1f1/Editor/Data/PlaybackEngines/LuminSupport/UnityEditor.Lumin.Extensions.dll
Registered in 0.007257 seconds.
Native extension for Lumin target not found
Native extension for WindowsStandalone target not found
Native extension for OSXStandalone target not found
Native extension for WebGL target not found
Refreshing native plugins compatible for Editor in 58.23 ms, found 0 plugins.
Preloading 0 native plugins for Editor in 0.00 ms.
Invoked RoslynAnalysisRunner static constructor.
RoslynAnalysisRunner will not be running.
RoslynAnalysisRunner has terminated.
Mono: successfully reloaded assembly
- Completed reload, in  2.694 seconds
Platform modules already initialized, skipping
Registering precompiled user dll's ...
Registered in 0.004814 seconds.
Begin MonoManager ReloadAssembly
Native extension for Lumin target not found
Native extension for WindowsStandalone target not found
Native extension for OSXStandalone target not found
Native extension for WebGL target not found
Refreshing native plugins compatible for Editor in 0.97 ms, found 0 plugins.
Preloading 0 native plugins for Editor in 0.00 ms.
Invoked RoslynAnalysisRunner static constructor.
RoslynAnalysisRunner will not be running.
RoslynAnalysisRunner has terminated.
Mono: successfully reloaded assembly
- Completed reload, in  1.280 seconds
Platform modules already initialized, skipping
========================================================================
Worker process is ready to serve import requests
Launched and connected shader compiler UnityShaderCompiler.exe after 0.07 seconds
Refreshing native plugins compatible for Editor in 0.49 ms, found 0 plugins.
Preloading 0 native plugins for Editor in 0.00 ms.
Unloading 1394 Unused Serialized files (Serialized files now loaded: 0)
System memory in use before: 76.8 MB.
System memory in use after: 76.8 MB.

Unloading 33 unused Assets to reduce memory usage. Loaded Objects now: 1841.
Total: 2.119500 ms (FindLiveObjects: 0.168100 ms CreateObjectMapping: 0.053600 ms MarkObjects: 1.803500 ms  DeleteObjects: 0.092700 ms)

========================================================================
Received Import Request.
  path: Assets/resources/Enemy.prefab
  artifactKey: Guid(74ecfb0e9fe3492409a152f47d81b71a) Importer(815301076,1909f56bfc062723c751e8b465ee728b)
Start importing Assets/resources/Enemy.prefab using Guid(74ecfb0e9fe3492409a152f47d81b71a) Importer(815301076,1909f56bfc062723c751e8b465ee728b)  -> (artifact id: '8deaec22c451d0f65c9793a114110c34') in 0.207791 seconds
  Import took 0.211698 seconds .

========================================================================
Received Prepare
Refreshing native plugins compatible for Editor in 12.04 ms, found 0 plugins.
Preloading 0 native plugins for Editor in 0.00 ms.
Unloading 22 Unused Serialized files (Serialized files now loaded: 0)
System memory in use before: 53.4 MB.
System memory in use after: 53.6 MB.

Unloading 22 unused Assets to reduce memory usage. Loaded Objects now: 1848.
Total: 2.700100 ms (FindLiveObjects: 0.175200 ms CreateObjectMapping: 0.053000 ms MarkObjects: 2.450800 ms  DeleteObjects: 0.019300 ms)

========================================================================
Received Import Request.
  Time since last request: 1007.521015 seconds.
  path: Assets/textures/HealthBar_Empty.png
  artifactKey: Guid(5d347f8fc34ee6e4cb04b85e6adfb311) Importer(815301076,1909f56bfc062723c751e8b465ee728b)
Start importing Assets/textures/HealthBar_Empty.png using Guid(5d347f8fc34ee6e4cb04b85e6adfb311) Importer(815301076,1909f56bfc062723c751e8b465ee728b)  -> (artifact id: '27661783384a529d05acea6c32469433') in 0.100716 seconds
  Import took 0.106307 seconds .

========================================================================
Received Import Request.
  Time since last request: 0.000548 seconds.
  path: Assets/textures/HealthBar.png
  artifactKey: Guid(93d031f8410482d45b1b537802238560) Importer(815301076,1909f56bfc062723c751e8b465ee728b)
Start importing Assets/textures/HealthBar.png using Guid(93d031f8410482d45b1b537802238560) Importer(815301076,1909f56bfc062723c751e8b465ee728b)  -> (artifact id: 'eee6e47ce109b45d0161b66df05abcac') in 0.012239 seconds
  Import took 0.015118 seconds .

========================================================================
Received Prepare
Registering precompiled user dll's ...
Registered in 0.004476 seconds.
Begin MonoManager ReloadAssembly
Native extension for Lumin target not found
Native extension for WindowsStandalone target not found
Native extension for OSXStandalone target not found
Native extension for WebGL target not found
Refreshing native plugins compatible for Editor in 0.52 ms, found 0 plugins.
Preloading 0 native plugins for Editor in 0.00 ms.
Invoked RoslynAnalysisRunner static constructor.
RoslynAnalysisRunner will not be running.
RoslynAnalysisRunner has terminated.
Mono: successfully reloaded assembly
- Completed reload, in  1.257 seconds
Platform modules already initialized, skipping
Refreshing native plugins compatible for Editor in 0.53 ms, found 0 plugins.
Preloading 0 native plugins for Editor in 0.00 ms.
Unloading 1388 Unused Serialized files (Serialized files now loaded: 0)
System memory in use before: 80.3 MB.
System memory in use after: 80.4 MB.

Unloading 24 unused Assets to reduce memory usage. Loaded Objects now: 1853.
Total: 2.180700 ms (FindLiveObjects: 0.180400 ms CreateObjectMapping: 0.052400 ms MarkObjects: 1.915300 ms  DeleteObjects: 0.031400 ms)

========================================================================
Received Import Request.
  Time since last request: 905.544447 seconds.
  path: Assets/scripts/Enemy
  artifactKey: Guid(25a959d5f861b7c48b4834a5ed53a25c) Importer(815301076,1909f56bfc062723c751e8b465ee728b)
Start importing Assets/scripts/Enemy using Guid(25a959d5f861b7c48b4834a5ed53a25c) Importer(815301076,1909f56bfc062723c751e8b465ee728b)  -> (artifact id: '40fd7d23303a0c596e643c5934d5b0e1') in 0.008775 seconds
  Import took 0.012427 seconds .

========================================================================
Received Import Request.
  Time since last request: 135.632013 seconds.
  path: Assets/scripts/Enemy/BotHealthBarController.cs
  artifactKey: Guid(f0578f0df0e02fd4380baa824d5f7a5d) Importer(815301076,1909f56bfc062723c751e8b465ee728b)
Start importing Assets/scripts/Enemy/BotHealthBarController.cs using Guid(f0578f0df0e02fd4380baa824d5f7a5d) Importer(815301076,1909f56bfc062723c751e8b465ee728b)  -> (artifact id: 'b71046bd00d679d37c83c4b2bc8c0f4b') in 0.014006 seconds
  Import took 0.018350 seconds .

========================================================================
Received Prepare
Registering precompiled user dll's ...
Registered in 0.004308 seconds.
Begin MonoManager ReloadAssembly
Native extension for Lumin target not found
Native extension for WindowsStandalone target not found
Native extension for OSXStandalone target not found
Native extension for WebGL target not found
Refreshing native plugins compatible for Editor in 0.55 ms, found 0 plugins.
Preloading 0 native plugins for Editor in 0.00 ms.
Invoked RoslynAnalysisRunner static constructor.
RoslynAnalysisRunner will not be running.
RoslynAnalysisRunner has terminated.
Mono: successfully reloaded assembly
- Completed reload, in  1.230 seconds
Platform modules already initialized, skipping
Refreshing native plugins compatible for Editor in 0.59 ms, found 0 plugins.
Preloading 0 native plugins for Editor in 0.00 ms.
Unloading 1389 Unused Serialized files (Serialized files now loaded: 0)
System memory in use before: 80.8 MB.
System memory in use after: 80.9 MB.

Unloading 24 unused Assets to reduce memory usage. Loaded Objects now: 1856.
Total: 2.069400 ms (FindLiveObjects: 0.157000 ms CreateObjectMapping: 0.053600 ms MarkObjects: 1.827700 ms  DeleteObjects: 0.030000 ms)

========================================================================
Received Prepare
Registering precompiled user dll's ...
Registered in 0.005280 seconds.
Begin MonoManager ReloadAssembly
Native extension for Lumin target not found
Native extension for WindowsStandalone target not found
Native extension for OSXStandalone target not found
Native extension for WebGL target not found
Refreshing native plugins compatible for Editor in 0.76 ms, found 0 plugins.
Preloading 0 native plugins for Editor in 0.00 ms.
Invoked RoslynAnalysisRunner static constructor.
RoslynAnalysisRunner will not be running.
RoslynAnalysisRunner has terminated.
Mono: successfully reloaded assembly
- Completed reload, in  1.228 seconds
Platform modules already initialized, skipping
Refreshing native plugins compatible for Editor in 0.54 ms, found 0 plugins.
Preloading 0 native plugins for Editor in 0.00 ms.
Unloading 1389 Unused Serialized files (Serialized files now loaded: 0)
System memory in use before: 81.2 MB.
System memory in use after: 81.3 MB.

Unloading 24 unused Assets to reduce memory usage. Loaded Objects now: 1858.
Total: 2.045800 ms (FindLiveObjects: 0.177600 ms CreateObjectMapping: 0.054500 ms MarkObjects: 1.790100 ms  DeleteObjects: 0.022200 ms)

========================================================================
Received Prepare
Registering precompiled user dll's ...
Registered in 0.004368 seconds.
Begin MonoManager ReloadAssembly
Native extension for Lumin target not found
Native extension for WindowsStandalone target not found
Native extension for OSXStandalone target not found
Native extension for WebGL target not found
Refreshing native plugins compatible for Editor in 0.55 ms, found 0 plugins.
Preloading 0 native plugins for Editor in 0.00 ms.
Invoked RoslynAnalysisRunner static constructor.
RoslynAnalysisRunner will not be running.
RoslynAnalysisRunner has terminated.
Mono: successfully reloaded assembly
- Completed reload, in  1.190 seconds
Platform modules already initialized, skipping
Refreshing native plugins compatible for Editor in 0.55 ms, found 0 plugins.
Preloading 0 native plugins for Editor in 0.00 ms.
Unloading 1389 Unused Serialized files (Serialized files now loaded: 0)
System memory in use before: 81.4 MB.
System memory in use after: 81.5 MB.

Unloading 24 unused Assets to reduce memory usage. Loaded Objects now: 1860.
Total: 2.140400 ms (FindLiveObjects: 0.179700 ms CreateObjectMapping: 0.054500 ms MarkObjects: 1.880300 ms  DeleteObjects: 0.024300 ms)

========================================================================
Received Prepare
Registering precompiled user dll's ...
Registered in 0.004466 seconds.
Begin MonoManager ReloadAssembly
Native extension for Lumin target not found
Native extension for WindowsStandalone target not found
Native extension for OSXStandalone target not found
Native extension for WebGL target not found
Refreshing native plugins compatible for Editor in 0.57 ms, found 0 plugins.
Preloading 0 native plugins for Editor in 0.00 ms.
Invoked RoslynAnalysisRunner static constructor.
RoslynAnalysisRunner will not be running.
RoslynAnalysisRunner has terminated.
Mono: successfully reloaded assembly
- Completed reload, in  1.211 seconds
Platform modules already initialized, skipping
Refreshing native plugins compatible for Editor in 0.58 ms, found 0 plugins.
Preloading 0 native plugins for Editor in 0.00 ms.
Unloading 1389 Unused Serialized files (Serialized files now loaded: 0)
System memory in use before: 80.9 MB.
System memory in use after: 81.0 MB.

Unloading 24 unused Assets to reduce memory usage. Loaded Objects now: 1862.
Total: 3.060800 ms (FindLiveObjects: 0.748500 ms CreateObjectMapping: 0.075600 ms MarkObjects: 2.202400 ms  DeleteObjects: 0.032600 ms)

========================================================================
Received Prepare
Registering precompiled user dll's ...
Registered in 0.004418 seconds.
Begin MonoManager ReloadAssembly
Native extension for Lumin target not found
Native extension for WindowsStandalone target not found
Native extension for OSXStandalone target not found
Native extension for WebGL target not found
Refreshing native plugins compatible for Editor in 0.53 ms, found 0 plugins.
Preloading 0 native plugins for Editor in 0.00 ms.
Invoked RoslynAnalysisRunner static constructor.
RoslynAnalysisRunner will not be running.
RoslynAnalysisRunner has terminated.
Mono: successfully reloaded assembly
- Completed reload, in  1.201 seconds
Platform modules already initialized, skipping
Refreshing native plugins compatible for Editor in 0.58 ms, found 0 plugins.
Preloading 0 native plugins for Editor in 0.00 ms.
Unloading 1389 Unused Serialized files (Serialized files now loaded: 0)
System memory in use before: 81.3 MB.
System memory in use after: 81.4 MB.

Unloading 24 unused Assets to reduce memory usage. Loaded Objects now: 1864.
Total: 2.083900 ms (FindLiveObjects: 0.169800 ms CreateObjectMapping: 0.054100 ms MarkObjects: 1.834300 ms  DeleteObjects: 0.024100 ms)

========================================================================
Received Prepare
Registering precompiled user dll's ...
Registered in 0.006491 seconds.
Begin MonoManager ReloadAssembly
Native extension for Lumin target not found
Native extension for WindowsStandalone target not found
Native extension for OSXStandalone target not found
Native extension for WebGL target not found
Refreshing native plugins compatible for Editor in 0.72 ms, found 0 plugins.
Preloading 0 native plugins for Editor in 0.00 ms.
Invoked RoslynAnalysisRunner static constructor.
RoslynAnalysisRunner will not be running.
RoslynAnalysisRunner has terminated.
Mono: successfully reloaded assembly
- Completed reload, in  1.564 seconds
Platform modules already initialized, skipping
Refreshing native plugins compatible for Editor in 0.86 ms, found 0 plugins.
Preloading 0 native plugins for Editor in 0.00 ms.
Unloading 1389 Unused Serialized files (Serialized files now loaded: 0)
System memory in use before: 81.4 MB.
System memory in use after: 81.5 MB.

Unloading 24 unused Assets to reduce memory usage. Loaded Objects now: 1866.
Total: 2.438400 ms (FindLiveObjects: 0.183700 ms CreateObjectMapping: 0.054000 ms MarkObjects: 2.145500 ms  DeleteObjects: 0.053000 ms)

========================================================================
Received Import Request.
  Time since last request: 3867.709026 seconds.
  path: Assets/images/bot_healthbar.png
  artifactKey: Guid(5f635ec83c44dfc4f8e91c59cfb4a61d) Importer(815301076,1909f56bfc062723c751e8b465ee728b)
Start importing Assets/images/bot_healthbar.png using Guid(5f635ec83c44dfc4f8e91c59cfb4a61d) Importer(815301076,1909f56bfc062723c751e8b465ee728b)  -> (artifact id: '0377e7f49de51c542af59f20225eeffe') in 0.054344 seconds
  Import took 0.058008 seconds .

========================================================================
Received Import Request.
  Time since last request: 0.003789 seconds.
  path: Assets/images/bot_healthbar.png
  artifactKey: Guid(5f635ec83c44dfc4f8e91c59cfb4a61d) Importer(815301076,1909f56bfc062723c751e8b465ee728b)
Start importing Assets/images/bot_healthbar.png using Guid(5f635ec83c44dfc4f8e91c59cfb4a61d) Importer(815301076,1909f56bfc062723c751e8b465ee728b)  -> (artifact id: '0377e7f49de51c542af59f20225eeffe') in 0.013936 seconds
  Import took 0.017548 seconds .

========================================================================
Received Import Request.
  Time since last request: 144.797329 seconds.
  path: Assets/images/Square.png
  artifactKey: Guid(db90285d051be94418233be46ad584b3) Importer(815301076,1909f56bfc062723c751e8b465ee728b)
Start importing Assets/images/Square.png using Guid(db90285d051be94418233be46ad584b3) Importer(815301076,1909f56bfc062723c751e8b465ee728b)  -> (artifact id: 'ad345638cbf99f8b0f3612ed78932e8e') in 0.033209 seconds
  Import took 0.036881 seconds .

========================================================================
Received Import Request.
  Time since last request: 36.513199 seconds.
  path: Assets/images
  artifactKey: Guid(1d13fc6f2367976498bcde55a0a0cc60) Importer(815301076,1909f56bfc062723c751e8b465ee728b)
Start importing Assets/images using Guid(1d13fc6f2367976498bcde55a0a0cc60) Importer(815301076,1909f56bfc062723c751e8b465ee728b)  -> (artifact id: '01bfb8b2059576918a56a98f13b198ef') in 0.005764 seconds
  Import took 0.009608 seconds .

========================================================================
Received Prepare
Registering precompiled user dll's ...
Registered in 0.004401 seconds.
Begin MonoManager ReloadAssembly
Native extension for Lumin target not found
Native extension for WindowsStandalone target not found
Native extension for OSXStandalone target not found
Native extension for WebGL target not found
Refreshing native plugins compatible for Editor in 0.59 ms, found 0 plugins.
Preloading 0 native plugins for Editor in 0.00 ms.
Invoked RoslynAnalysisRunner static constructor.
RoslynAnalysisRunner will not be running.
RoslynAnalysisRunner has terminated.
Mono: successfully reloaded assembly
- Completed reload, in  1.221 seconds
Platform modules already initialized, skipping
Refreshing native plugins compatible for Editor in 0.83 ms, found 0 plugins.
Preloading 0 native plugins for Editor in 0.00 ms.
Unloading 1389 Unused Serialized files (Serialized files now loaded: 0)
System memory in use before: 81.0 MB.
System memory in use after: 81.1 MB.

Unloading 24 unused Assets to reduce memory usage. Loaded Objects now: 1870.
Total: 2.159100 ms (FindLiveObjects: 0.197500 ms CreateObjectMapping: 0.053900 ms MarkObjects: 1.881600 ms  DeleteObjects: 0.024700 ms)

========================================================================
Received Prepare
Registering precompiled user dll's ...
Registered in 0.004597 seconds.
Begin MonoManager ReloadAssembly
Native extension for Lumin target not found
Native extension for WindowsStandalone target not found
Native extension for OSXStandalone target not found
Native extension for WebGL target not found
Refreshing native plugins compatible for Editor in 0.54 ms, found 0 plugins.
Preloading 0 native plugins for Editor in 0.00 ms.
Invoked RoslynAnalysisRunner static constructor.
RoslynAnalysisRunner will not be running.
RoslynAnalysisRunner has terminated.
Mono: successfully reloaded assembly
- Completed reload, in  1.195 seconds
Platform modules already initialized, skipping
Refreshing native plugins compatible for Editor in 0.62 ms, found 0 plugins.
Preloading 0 native plugins for Editor in 0.00 ms.
Unloading 1389 Unused Serialized files (Serialized files now loaded: 0)
System memory in use before: 81.4 MB.
System memory in use after: 81.5 MB.

Unloading 24 unused Assets to reduce memory usage. Loaded Objects now: 1872.
Total: 2.032200 ms (FindLiveObjects: 0.175600 ms CreateObjectMapping: 0.053700 ms MarkObjects: 1.780600 ms  DeleteObjects: 0.020900 ms)

========================================================================
Received Prepare
Registering precompiled user dll's ...
Registered in 0.004873 seconds.
Begin MonoManager ReloadAssembly
Native extension for Lumin target not found
Native extension for WindowsStandalone target not found
Native extension for OSXStandalone target not found
Native extension for WebGL target not found
Refreshing native plugins compatible for Editor in 0.53 ms, found 0 plugins.
Preloading 0 native plugins for Editor in 0.00 ms.
Invoked RoslynAnalysisRunner static constructor.
RoslynAnalysisRunner will not be running.
RoslynAnalysisRunner has terminated.
Mono: successfully reloaded assembly
- Completed reload, in  1.175 seconds
Platform modules already initialized, skipping
Refreshing native plugins compatible for Editor in 1.38 ms, found 0 plugins.
Preloading 0 native plugins for Editor in 0.00 ms.
Unloading 1389 Unused Serialized files (Serialized files now loaded: 0)
System memory in use before: 81.4 MB.
System memory in use after: 81.5 MB.

Unloading 24 unused Assets to reduce memory usage. Loaded Objects now: 1874.
Total: 2.026400 ms (FindLiveObjects: 0.175400 ms CreateObjectMapping: 0.054000 ms MarkObjects: 1.771800 ms  DeleteObjects: 0.023700 ms)

========================================================================
Received Prepare
Registering precompiled user dll's ...
Registered in 0.004356 seconds.
Begin MonoManager ReloadAssembly
Native extension for Lumin target not found
Native extension for WindowsStandalone target not found
Native extension for OSXStandalone target not found
Native extension for WebGL target not found
Refreshing native plugins compatible for Editor in 0.53 ms, found 0 plugins.
Preloading 0 native plugins for Editor in 0.00 ms.
Invoked RoslynAnalysisRunner static constructor.
RoslynAnalysisRunner will not be running.
RoslynAnalysisRunner has terminated.
Mono: successfully reloaded assembly
- Completed reload, in  1.187 seconds
Platform modules already initialized, skipping
Refreshing native plugins compatible for Editor in 0.56 ms, found 0 plugins.
Preloading 0 native plugins for Editor in 0.00 ms.
Unloading 1389 Unused Serialized files (Serialized files now loaded: 0)
System memory in use before: 81.1 MB.
System memory in use after: 81.2 MB.

Unloading 24 unused Assets to reduce memory usage. Loaded Objects now: 1876.
Total: 2.129100 ms (FindLiveObjects: 0.165900 ms CreateObjectMapping: 0.052900 ms MarkObjects: 1.879300 ms  DeleteObjects: 0.029800 ms)

========================================================================
Received Prepare
Registering precompiled user dll's ...
Registered in 0.004344 seconds.
Begin MonoManager ReloadAssembly
Native extension for Lumin target not found
Native extension for WindowsStandalone target not found
Native extension for OSXStandalone target not found
Native extension for WebGL target not found
Refreshing native plugins compatible for Editor in 0.52 ms, found 0 plugins.
Preloading 0 native plugins for Editor in 0.00 ms.
Invoked RoslynAnalysisRunner static constructor.
RoslynAnalysisRunner will not be running.
RoslynAnalysisRunner has terminated.
Mono: successfully reloaded assembly
- Completed reload, in  1.211 seconds
Platform modules already initialized, skipping
Refreshing native plugins compatible for Editor in 0.55 ms, found 0 plugins.
Preloading 0 native plugins for Editor in 0.00 ms.
Unloading 1389 Unused Serialized files (Serialized files now loaded: 0)
System memory in use before: 81.4 MB.
System memory in use after: 81.5 MB.

Unloading 24 unused Assets to reduce memory usage. Loaded Objects now: 1878.
Total: 2.166400 ms (FindLiveObjects: 0.163900 ms CreateObjectMapping: 0.053000 ms MarkObjects: 1.918300 ms  DeleteObjects: 0.029800 ms)

========================================================================
Received Prepare
Registering precompiled user dll's ...
Registered in 0.004413 seconds.
Begin MonoManager ReloadAssembly
Native extension for Lumin target not found
Native extension for WindowsStandalone target not found
Native extension for OSXStandalone target not found
Native extension for WebGL target not found
Refreshing native plugins compatible for Editor in 0.55 ms, found 0 plugins.
Preloading 0 native plugins for Editor in 0.00 ms.
Invoked RoslynAnalysisRunner static constructor.
RoslynAnalysisRunner will not be running.
RoslynAnalysisRunner has terminated.
Mono: successfully reloaded assembly
- Completed reload, in  1.253 seconds
Platform modules already initialized, skipping
Refreshing native plugins compatible for Editor in 0.54 ms, found 0 plugins.
Preloading 0 native plugins for Editor in 0.00 ms.
Unloading 1389 Unused Serialized files (Serialized files now loaded: 0)
System memory in use before: 80.8 MB.
System memory in use after: 80.9 MB.

Unloading 24 unused Assets to reduce memory usage. Loaded Objects now: 1880.
Total: 2.100800 ms (FindLiveObjects: 0.256500 ms CreateObjectMapping: 0.056600 ms MarkObjects: 1.762500 ms  DeleteObjects: 0.023700 ms)

========================================================================
Received Prepare
Registering precompiled user dll's ...
Registered in 0.004500 seconds.
Begin MonoManager ReloadAssembly
Native extension for Lumin target not found
Native extension for WindowsStandalone target not found
Native extension for OSXStandalone target not found
Native extension for WebGL target not found
Refreshing native plugins compatible for Editor in 0.55 ms, found 0 plugins.
Preloading 0 native plugins for Editor in 0.00 ms.
Invoked RoslynAnalysisRunner static constructor.
RoslynAnalysisRunner will not be running.
RoslynAnalysisRunner has terminated.
Mono: successfully reloaded assembly
- Completed reload, in  1.238 seconds
Platform modules already initialized, skipping
Refreshing native plugins compatible for Editor in 0.56 ms, found 0 plugins.
Preloading 0 native plugins for Editor in 0.00 ms.
Unloading 1389 Unused Serialized files (Serialized files now loaded: 0)
System memory in use before: 81.2 MB.
System memory in use after: 81.3 MB.

Unloading 24 unused Assets to reduce memory usage. Loaded Objects now: 1882.
Total: 1.994600 ms (FindLiveObjects: 0.171900 ms CreateObjectMapping: 0.055600 ms MarkObjects: 1.741200 ms  DeleteObjects: 0.024200 ms)

========================================================================
Received Prepare
Registering precompiled user dll's ...
Registered in 0.004356 seconds.
Begin MonoManager ReloadAssembly
Native extension for Lumin target not found
Native extension for WindowsStandalone target not found
Native extension for OSXStandalone target not found
Native extension for WebGL target not found
Refreshing native plugins compatible for Editor in 0.55 ms, found 0 plugins.
Preloading 0 native plugins for Editor in 0.00 ms.
Invoked RoslynAnalysisRunner static constructor.
RoslynAnalysisRunner will not be running.
RoslynAnalysisRunner has terminated.
Mono: successfully reloaded assembly
- Completed reload, in  1.218 seconds
Platform modules already initialized, skipping
Refreshing native plugins compatible for Editor in 0.56 ms, found 0 plugins.
Preloading 0 native plugins for Editor in 0.00 ms.
Unloading 1389 Unused Serialized files (Serialized files now loaded: 0)
System memory in use before: 81.5 MB.
System memory in use after: 81.6 MB.

Unloading 24 unused Assets to reduce memory usage. Loaded Objects now: 1884.
Total: 1.983200 ms (FindLiveObjects: 0.167300 ms CreateObjectMapping: 0.053800 ms MarkObjects: 1.731200 ms  DeleteObjects: 0.029700 ms)

========================================================================
Received Prepare
Registering precompiled user dll's ...
Registered in 0.004257 seconds.
Begin MonoManager ReloadAssembly
Native extension for Lumin target not found
Native extension for WindowsStandalone target not found
Native extension for OSXStandalone target not found
Native extension for WebGL target not found
Refreshing native plugins compatible for Editor in 0.53 ms, found 0 plugins.
Preloading 0 native plugins for Editor in 0.00 ms.
Invoked RoslynAnalysisRunner static constructor.
RoslynAnalysisRunner will not be running.
RoslynAnalysisRunner has terminated.
Mono: successfully reloaded assembly
- Completed reload, in  1.204 seconds
Platform modules already initialized, skipping
Refreshing native plugins compatible for Editor in 0.59 ms, found 0 plugins.
Preloading 0 native plugins for Editor in 0.00 ms.
Unloading 1389 Unused Serialized files (Serialized files now loaded: 0)
System memory in use before: 80.9 MB.
System memory in use after: 81.0 MB.

Unloading 24 unused Assets to reduce memory usage. Loaded Objects now: 1886.
Total: 2.007600 ms (FindLiveObjects: 0.171100 ms CreateObjectMapping: 0.054200 ms MarkObjects: 1.751600 ms  DeleteObjects: 0.029200 ms)

========================================================================
Received Prepare
Registering precompiled user dll's ...
Registered in 0.004333 seconds.
Begin MonoManager ReloadAssembly
Native extension for Lumin target not found
Native extension for WindowsStandalone target not found
Native extension for OSXStandalone target not found
Native extension for WebGL target not found
Refreshing native plugins compatible for Editor in 0.54 ms, found 0 plugins.
Preloading 0 native plugins for Editor in 0.00 ms.
Invoked RoslynAnalysisRunner static constructor.
RoslynAnalysisRunner will not be running.
RoslynAnalysisRunner has terminated.
Mono: successfully reloaded assembly
- Completed reload, in  1.222 seconds
Platform modules already initialized, skipping
Refreshing native plugins compatible for Editor in 0.57 ms, found 0 plugins.
Preloading 0 native plugins for Editor in 0.00 ms.
Unloading 1389 Unused Serialized files (Serialized files now loaded: 0)
System memory in use before: 81.3 MB.
System memory in use after: 81.4 MB.

Unloading 24 unused Assets to reduce memory usage. Loaded Objects now: 1888.
Total: 2.084100 ms (FindLiveObjects: 0.179400 ms CreateObjectMapping: 0.052900 ms MarkObjects: 1.820800 ms  DeleteObjects: 0.029800 ms)

========================================================================
Received Prepare
Registering precompiled user dll's ...
Registered in 0.004496 seconds.
Begin MonoManager ReloadAssembly
Native extension for Lumin target not found
Native extension for WindowsStandalone target not found
Native extension for OSXStandalone target not found
Native extension for WebGL target not found
Refreshing native plugins compatible for Editor in 0.54 ms, found 0 plugins.
Preloading 0 native plugins for Editor in 0.00 ms.
Invoked RoslynAnalysisRunner static constructor.
RoslynAnalysisRunner will not be running.
RoslynAnalysisRunner has terminated.
Mono: successfully reloaded assembly
- Completed reload, in  1.251 seconds
Platform modules already initialized, skipping
Refreshing native plugins compatible for Editor in 0.54 ms, found 0 plugins.
Preloading 0 native plugins for Editor in 0.00 ms.
Unloading 1389 Unused Serialized files (Serialized files now loaded: 0)
System memory in use before: 81.5 MB.
System memory in use after: 81.6 MB.

Unloading 24 unused Assets to reduce memory usage. Loaded Objects now: 1890.
Total: 1.968900 ms (FindLiveObjects: 0.172700 ms CreateObjectMapping: 0.055000 ms MarkObjects: 1.718300 ms  DeleteObjects: 0.021800 ms)

========================================================================
Received Import Request.
  Time since last request: 3232.107559 seconds.
  path: Assets/scripts/Weapon/Weapon.cs
  artifactKey: Guid(242b7ca336e199046a3da4d9b17e7d2f) Importer(815301076,1909f56bfc062723c751e8b465ee728b)
Start importing Assets/scripts/Weapon/Weapon.cs using Guid(242b7ca336e199046a3da4d9b17e7d2f) Importer(815301076,1909f56bfc062723c751e8b465ee728b)  -> (artifact id: 'dd6b279ff66f0d744977c60581fdfb44') in 0.008518 seconds
  Import took 0.011722 seconds .

========================================================================
Received Import Request.
  Time since last request: 0.038932 seconds.
  path: Assets/scripts/Weapon/Weapon.cs
  artifactKey: Guid(242b7ca336e199046a3da4d9b17e7d2f) Importer(815301076,1909f56bfc062723c751e8b465ee728b)
Start importing Assets/scripts/Weapon/Weapon.cs using Guid(242b7ca336e199046a3da4d9b17e7d2f) Importer(815301076,1909f56bfc062723c751e8b465ee728b)  -> (artifact id: 'dd6b279ff66f0d744977c60581fdfb44') in 0.004760 seconds
  Import took 0.007960 seconds .

========================================================================
Received Import Request.
  Time since last request: 8.845621 seconds.
  path: Assets/scripts/Weapon/WeaponBase.cs
  artifactKey: Guid(242b7ca336e199046a3da4d9b17e7d2f) Importer(815301076,1909f56bfc062723c751e8b465ee728b)
Start importing Assets/scripts/Weapon/WeaponBase.cs using Guid(242b7ca336e199046a3da4d9b17e7d2f) Importer(815301076,1909f56bfc062723c751e8b465ee728b)  -> (artifact id: '6af04d2d96f56df111aa21764ac2ccad') in 0.006126 seconds
  Import took 0.009550 seconds .

========================================================================
Received Import Request.
  Time since last request: 0.001214 seconds.
  path: Assets/scripts/Weapon/WeaponBase.cs
  artifactKey: Guid(242b7ca336e199046a3da4d9b17e7d2f) Importer(815301076,1909f56bfc062723c751e8b465ee728b)
Start importing Assets/scripts/Weapon/WeaponBase.cs using Guid(242b7ca336e199046a3da4d9b17e7d2f) Importer(815301076,1909f56bfc062723c751e8b465ee728b)  -> (artifact id: '6af04d2d96f56df111aa21764ac2ccad') in 0.005595 seconds
  Import took 0.008826 seconds .

========================================================================
Received Prepare
Registering precompiled user dll's ...
Registered in 0.004399 seconds.
Begin MonoManager ReloadAssembly
Native extension for Lumin target not found
Native extension for WindowsStandalone target not found
Native extension for OSXStandalone target not found
Native extension for WebGL target not found
Refreshing native plugins compatible for Editor in 0.58 ms, found 0 plugins.
Preloading 0 native plugins for Editor in 0.00 ms.
Invoked RoslynAnalysisRunner static constructor.
RoslynAnalysisRunner will not be running.
RoslynAnalysisRunner has terminated.
Mono: successfully reloaded assembly
- Completed reload, in  1.200 seconds
Platform modules already initialized, skipping
Refreshing native plugins compatible for Editor in 0.57 ms, found 0 plugins.
Preloading 0 native plugins for Editor in 0.00 ms.
Unloading 1389 Unused Serialized files (Serialized files now loaded: 0)
System memory in use before: 81.0 MB.
System memory in use after: 81.1 MB.

Unloading 24 unused Assets to reduce memory usage. Loaded Objects now: 1892.
Total: 2.164000 ms (FindLiveObjects: 0.215900 ms CreateObjectMapping: 0.052000 ms MarkObjects: 1.863800 ms  DeleteObjects: 0.030600 ms)

========================================================================
Received Import Request.
  Time since last request: 21.144922 seconds.
  path: Assets/scripts/Weapon
  artifactKey: Guid(0876e9616ee5a8f42a62a7ef533dc2e6) Importer(815301076,1909f56bfc062723c751e8b465ee728b)
Start importing Assets/scripts/Weapon using Guid(0876e9616ee5a8f42a62a7ef533dc2e6) Importer(815301076,1909f56bfc062723c751e8b465ee728b)  -> (artifact id: '9f22c12fa98cb33ac31ef83aeb372f9d') in 0.008384 seconds
  Import took 0.013307 seconds .

========================================================================
Received Import Request.
  Time since last request: 19.669597 seconds.
  path: Assets/scripts/Weapon/Weapon_1
  artifactKey: Guid(fc9937d7b85d35e488c7e14523496651) Importer(815301076,1909f56bfc062723c751e8b465ee728b)
Start importing Assets/scripts/Weapon/Weapon_1 using Guid(fc9937d7b85d35e488c7e14523496651) Importer(815301076,1909f56bfc062723c751e8b465ee728b)  -> (artifact id: 'ff15b5820d9b8ca26de1a4de52471871') in 0.007148 seconds
  Import took 0.011796 seconds .

========================================================================
Received Import Request.
  Time since last request: 18.674736 seconds.
  path: Assets/scripts/Weapon/Weapon_1.cs
  artifactKey: Guid(17261a915d5bb8049be475a2cd8ce0fe) Importer(815301076,1909f56bfc062723c751e8b465ee728b)
Start importing Assets/scripts/Weapon/Weapon_1.cs using Guid(17261a915d5bb8049be475a2cd8ce0fe) Importer(815301076,1909f56bfc062723c751e8b465ee728b)  -> (artifact id: '6562ea0427d63c60abdaafad16486aa5') in 0.005096 seconds
  Import took 0.009526 seconds .

========================================================================
Received Import Request.
  Time since last request: 0.005801 seconds.
  path: Assets/scripts/Weapon/Weapon_1.cs
  artifactKey: Guid(17261a915d5bb8049be475a2cd8ce0fe) Importer(815301076,1909f56bfc062723c751e8b465ee728b)
Start importing Assets/scripts/Weapon/Weapon_1.cs using Guid(17261a915d5bb8049be475a2cd8ce0fe) Importer(815301076,1909f56bfc062723c751e8b465ee728b)  -> (artifact id: '6562ea0427d63c60abdaafad16486aa5') in 0.005200 seconds
  Import took 0.011288 seconds .

========================================================================
Received Import Request.
  Time since last request: 13.809642 seconds.
  path: Assets/scripts/Weapon/Weapon_Mutant.cs
  artifactKey: Guid(17261a915d5bb8049be475a2cd8ce0fe) Importer(815301076,1909f56bfc062723c751e8b465ee728b)
Start importing Assets/scripts/Weapon/Weapon_Mutant.cs using Guid(17261a915d5bb8049be475a2cd8ce0fe) Importer(815301076,1909f56bfc062723c751e8b465ee728b)  -> (artifact id: '011f1e8e87a57a5b6ab14dfa15c19a66') in 0.006021 seconds
  Import took 0.009051 seconds .

========================================================================
Received Import Request.
  Time since last request: 180.951367 seconds.
  path: Assets/scripts/Weapon/Weapon_Mutant.cs
  artifactKey: Guid(17261a915d5bb8049be475a2cd8ce0fe) Importer(815301076,1909f56bfc062723c751e8b465ee728b)
Start importing Assets/scripts/Weapon/Weapon_Mutant.cs using Guid(17261a915d5bb8049be475a2cd8ce0fe) Importer(815301076,1909f56bfc062723c751e8b465ee728b)  -> (artifact id: '0e12373b662403ae700dbbab94e170fb') in 0.005289 seconds
  Import took 0.008991 seconds .

========================================================================
Received Import Request.
  Time since last request: 2.866936 seconds.
  path: Assets/resources/Enemy.prefab
  artifactKey: Guid(74ecfb0e9fe3492409a152f47d81b71a) Importer(815301076,1909f56bfc062723c751e8b465ee728b)
Start importing Assets/resources/Enemy.prefab using Guid(74ecfb0e9fe3492409a152f47d81b71a) Importer(815301076,1909f56bfc062723c751e8b465ee728b)  -> (artifact id: '6691646b29efb17c7e46e8f389106e01') in 0.107253 seconds
  Import took 0.111078 seconds .

========================================================================
Received Prepare
Registering precompiled user dll's ...
Registered in 0.004539 seconds.
Begin MonoManager ReloadAssembly
Native extension for Lumin target not found
Native extension for WindowsStandalone target not found
Native extension for OSXStandalone target not found
Native extension for WebGL target not found
Refreshing native plugins compatible for Editor in 0.57 ms, found 0 plugins.
Preloading 0 native plugins for Editor in 0.00 ms.
Invoked RoslynAnalysisRunner static constructor.
RoslynAnalysisRunner will not be running.
RoslynAnalysisRunner has terminated.
Mono: successfully reloaded assembly
- Completed reload, in  1.228 seconds
Platform modules already initialized, skipping
Refreshing native plugins compatible for Editor in 0.56 ms, found 0 plugins.
Preloading 0 native plugins for Editor in 0.00 ms.
Unloading 1390 Unused Serialized files (Serialized files now loaded: 0)
System memory in use before: 81.4 MB.
System memory in use after: 81.5 MB.

Unloading 24 unused Assets to reduce memory usage. Loaded Objects now: 1896.
Total: 2.144100 ms (FindLiveObjects: 0.185500 ms CreateObjectMapping: 0.052100 ms MarkObjects: 1.876300 ms  DeleteObjects: 0.028800 ms)

AssetImportWorkerClient::OnTransportError - code=2 error=End of file
